<?xml version="1.0" encoding="UTF-8"?>
<!-- Generated by org.testng.reporters.JUnitReportReporter -->
<testsuite hostname="DESKTOP-PKG19R7" failures="0" tests="6" name="tests.CheckAddedUserTestCase" time="12.730" errors="0" timestamp="2021-10-24T20:07:04 EET" skipped="0">
  <testcase classname="tests.CheckAddedUserTestCase" name="Login" time="3.922"/>
  <system-out/>
  <testcase classname="tests.CheckAddedUserTestCase" name="NavigateToUserManagement" time="1.805"/>
  <system-out/>
  <testcase classname="tests.CheckAddedUserTestCase" name="AddUser" time="4.808"/>
  <system-out/>
  <testcase classname="tests.CheckAddedUserTestCase" name="searchForUSer" time="1.315"/>
  <system-out/>
  <testcase classname="tests.CheckAddedUserTestCase" name="OpenUserDetails" time="0.597"/>
  <system-out/>
  <testcase classname="tests.CheckAddedUserTestCase" name="checkUser" time="0.283"/>
  <system-out/>
</testsuite> <!-- tests.CheckAddedUserTestCase -->
